[2018-03-26 09:12:31.531] [sharedprocess] [info] main {"machineId":"b6d8de6f311ecaa2f4a7a1743c7ecbdc290da805ed5d0b9ab93d7cdd293ef4e9"}
[2018-03-26 09:12:31.555] [sharedprocess] [info] Scanned user extensions: 0
[2018-03-26 09:12:32.456] [sharedprocess] [info] Scanned system extensions: 65
[2018-03-26 09:12:33.397] [sharedprocess] [info] Scanned user extensions: 0
[2018-03-26 09:12:33.400] [sharedprocess] [info] Scanned user extensions: 0
[2018-03-26 09:12:33.403] [sharedprocess] [info] Scanned user extensions: 0
[2018-03-26 09:12:33.425] [sharedprocess] [info] Scanned user extensions: 0
[2018-03-26 09:12:33.509] [sharedprocess] [info] Scanned system extensions: 65
[2018-03-26 09:12:33.511] [sharedprocess] [info] Scanned system extensions: 65
[2018-03-26 09:12:33.514] [sharedprocess] [info] Scanned system extensions: 65
[2018-03-26 09:12:36.375] [sharedprocess] [info] Scanned user extensions: 0
[2018-03-26 09:12:45.049] [sharedprocess] [info] Scanned user extensions: 0
[2018-03-26 09:12:45.052] [sharedprocess] [info] Scanned user extensions: 0
[2018-03-26 09:12:45.061] [sharedprocess] [info] Scanned user extensions: 0
[2018-03-26 09:12:45.164] [sharedprocess] [info] Scanned system extensions: 65
[2018-03-26 09:12:45.169] [sharedprocess] [info] Scanned system extensions: 65
[2018-03-26 09:12:47.372] [sharedprocess] [info] Scanned user extensions: 0
[2018-03-26 09:12:59.384] [sharedprocess] [info] Scanned user extensions: 0
[2018-03-26 09:12:59.387] [sharedprocess] [info] Scanned user extensions: 0
[2018-03-26 09:12:59.397] [sharedprocess] [info] Scanned user extensions: 0
[2018-03-26 09:12:59.466] [sharedprocess] [info] Scanned system extensions: 65
[2018-03-26 09:12:59.470] [sharedprocess] [info] Scanned system extensions: 65
[2018-03-26 09:13:11.541] [sharedprocess] [info] Starting to clean up unused language packs.
[2018-03-26 09:13:12.305] [sharedprocess] [info] Installing extension: Lisp
[2018-03-26 09:13:15.151] [sharedprocess] [info] Downloaded extension: Lisp
[2018-03-26 09:13:15.175] [sharedprocess] [info] Extracted extension to /home/andraz/.vscode/extensions/mattn.lisp-0.1.8: mattn.lisp-0.1.8
[2018-03-26 09:13:15.213] [sharedprocess] [info] Updated metadata of the extension: mattn.lisp-0.1.8
[2018-03-26 09:13:15.213] [sharedprocess] [info] Extensions installed successfully: mattn.lisp
[2018-03-26 09:13:15.346] [sharedprocess] [info] Scanned user extensions: 1
[2018-03-26 09:13:15.377] [sharedprocess] [info] Scanned system extensions: 65
[2018-03-26 09:17:47.933] [sharedprocess] [info] Scanned user extensions: 1
