[2018-03-27 08:06:30.383] [sharedprocess] [info] main {"machineId":"b6d8de6f311ecaa2f4a7a1743c7ecbdc290da805ed5d0b9ab93d7cdd293ef4e9"}
[2018-03-27 08:06:30.582] [sharedprocess] [info] Scanned user extensions: 1
[2018-03-27 08:06:31.234] [sharedprocess] [info] Scanned system extensions: 65
[2018-03-27 08:06:32.289] [sharedprocess] [info] Scanned user extensions: 1
[2018-03-27 08:06:32.289] [sharedprocess] [info] Scanned user extensions: 1
[2018-03-27 08:06:32.324] [sharedprocess] [info] Scanned system extensions: 65
[2018-03-27 08:06:35.712] [sharedprocess] [info] Scanned user extensions: 1
[2018-03-27 08:06:45.671] [sharedprocess] [info] Scanned user extensions: 1
[2018-03-27 08:06:49.238] [sharedprocess] [info] Scanned user extensions: 1
[2018-03-27 08:06:49.244] [sharedprocess] [info] Scanned user extensions: 1
[2018-03-27 08:06:49.247] [sharedprocess] [info] Scanned user extensions: 1
[2018-03-27 08:06:49.308] [sharedprocess] [info] Scanned system extensions: 65
[2018-03-27 08:06:49.311] [sharedprocess] [info] Scanned system extensions: 65
[2018-03-27 08:06:49.489] [sharedprocess] [info] Scanned user extensions: 1
[2018-03-27 08:06:49.533] [sharedprocess] [info] Scanned system extensions: 65
[2018-03-27 08:06:49.832] [sharedprocess] [info] Installing extension: python
[2018-03-27 08:06:51.038] [sharedprocess] [info] Downloaded extension: python
[2018-03-27 08:06:54.984] [sharedprocess] [info] Extracted extension to /home/andraz/.vscode/extensions/ms-python.python-2018.2.1: ms-python.python-2018.2.1
[2018-03-27 08:06:55.056] [sharedprocess] [info] Updated metadata of the extension: ms-python.python-2018.2.1
[2018-03-27 08:06:55.057] [sharedprocess] [info] Extensions installed successfully: ms-python.python
[2018-03-27 08:06:55.191] [sharedprocess] [info] Scanned user extensions: 2
[2018-03-27 08:06:55.215] [sharedprocess] [info] Scanned system extensions: 65
[2018-03-27 08:07:10.393] [sharedprocess] [info] Starting to clean up unused language packs.
[2018-03-27 08:11:35.831] [sharedprocess] [info] Scanned user extensions: 2
[2018-03-27 08:16:35.914] [sharedprocess] [info] Scanned user extensions: 2
[2018-03-27 08:21:36.003] [sharedprocess] [info] Scanned user extensions: 2
[2018-03-27 08:26:36.089] [sharedprocess] [info] Scanned user extensions: 2
[2018-03-27 08:31:36.216] [sharedprocess] [info] Scanned user extensions: 2
[2018-03-27 08:36:36.306] [sharedprocess] [info] Scanned user extensions: 2
