[2018-04-04 08:19:15.849] [exthost1] [info] extension host started
[2018-04-04 08:19:15.876] [exthost1] [info] ExtensionService#_doActivateExtension vscode.emmet {"startup":true,"activationEvent":"*"}
[2018-04-04 08:19:15.876] [exthost1] [info] ExtensionService#loadCommonJSModule /opt/visual-studio-code/resources/app/extensions/emmet/out/extension
[2018-04-04 08:19:16.311] [exthost1] [info] ExtensionService#_doActivateExtension vscode.git {"startup":true,"activationEvent":"*"}
[2018-04-04 08:19:16.311] [exthost1] [info] ExtensionService#loadCommonJSModule /opt/visual-studio-code/resources/app/extensions/git/out/main
[2018-04-04 08:19:16.492] [exthost1] [info] ExtensionService#_doActivateExtension vscode.merge-conflict {"startup":true,"activationEvent":"*"}
[2018-04-04 08:19:16.492] [exthost1] [info] ExtensionService#loadCommonJSModule /opt/visual-studio-code/resources/app/extensions/merge-conflict/out/extension
[2018-04-04 08:19:16.523] [exthost1] [info] eager extensions activated
[2018-04-04 08:23:04.794] [exthost1] [info] extension host started
[2018-04-04 08:23:04.821] [exthost1] [info] ExtensionService#_doActivateExtension vscode.emmet {"startup":true,"activationEvent":"*"}
[2018-04-04 08:23:04.821] [exthost1] [info] ExtensionService#loadCommonJSModule /opt/visual-studio-code/resources/app/extensions/emmet/out/extension
[2018-04-04 08:23:04.904] [exthost1] [info] ExtensionService#_doActivateExtension vscode.git {"startup":true,"activationEvent":"*"}
[2018-04-04 08:23:04.904] [exthost1] [info] ExtensionService#loadCommonJSModule /opt/visual-studio-code/resources/app/extensions/git/out/main
[2018-04-04 08:23:05.051] [exthost1] [info] ExtensionService#_doActivateExtension vscode.merge-conflict {"startup":true,"activationEvent":"*"}
[2018-04-04 08:23:05.051] [exthost1] [info] ExtensionService#loadCommonJSModule /opt/visual-studio-code/resources/app/extensions/merge-conflict/out/extension
[2018-04-04 08:23:05.066] [exthost1] [info] ExtensionService#_doActivateExtension ms-vscode.cpptools {"startup":true,"activationEvent":"*"}
[2018-04-04 08:23:05.066] [exthost1] [info] ExtensionService#loadCommonJSModule /home/andraz/.vscode/extensions/ms-vscode.cpptools-0.16.1/out/src/main
[2018-04-04 08:23:05.246] [exthost1] [info] eager extensions activated
[2018-04-04 08:23:18.268] [exthost1] [info] ExtensionService#_doActivateExtension vscode.html {"startup":false,"activationEvent":"onLanguage:html"}
[2018-04-04 08:23:18.269] [exthost1] [info] ExtensionService#loadCommonJSModule /opt/visual-studio-code/resources/app/extensions/html/client/out/htmlMain
