[2018-04-04 08:19:12.405] [sharedprocess] [info] main {"machineId":"b6d8de6f311ecaa2f4a7a1743c7ecbdc290da805ed5d0b9ab93d7cdd293ef4e9"}
[2018-04-04 08:19:12.612] [sharedprocess] [info] Scanned user extensions: 2
[2018-04-04 08:19:13.467] [sharedprocess] [info] Scanned system extensions: 65
[2018-04-04 08:19:14.716] [sharedprocess] [info] Scanned user extensions: 2
[2018-04-04 08:19:14.717] [sharedprocess] [info] Scanned user extensions: 2
[2018-04-04 08:19:14.758] [sharedprocess] [info] Scanned system extensions: 65
[2018-04-04 08:19:18.075] [sharedprocess] [info] Scanned user extensions: 2
[2018-04-04 08:19:52.413] [sharedprocess] [info] Starting to clean up unused language packs.
[2018-04-04 08:22:01.007] [sharedprocess] [info] Scanned user extensions: 2
[2018-04-04 08:22:01.017] [sharedprocess] [info] Scanned user extensions: 2
[2018-04-04 08:22:01.018] [sharedprocess] [info] Scanned user extensions: 2
[2018-04-04 08:22:01.092] [sharedprocess] [info] Scanned system extensions: 65
[2018-04-04 08:22:01.095] [sharedprocess] [info] Scanned system extensions: 65
[2018-04-04 08:22:07.931] [sharedprocess] [info] Installing extension: latex-support
[2018-04-04 08:22:09.067] [sharedprocess] [info] Downloaded extension: latex-support
[2018-04-04 08:22:09.142] [sharedprocess] [info] Extracted extension to /home/andraz/.vscode/extensions/torn4dom4n.latex-support-1.5.1: torn4dom4n.latex-support-1.5.1
[2018-04-04 08:22:09.180] [sharedprocess] [info] Updated metadata of the extension: torn4dom4n.latex-support-1.5.1
[2018-04-04 08:22:09.181] [sharedprocess] [info] Extensions installed successfully: torn4dom4n.latex-support
[2018-04-04 08:22:09.322] [sharedprocess] [info] Scanned user extensions: 3
[2018-04-04 08:22:09.360] [sharedprocess] [info] Scanned system extensions: 65
[2018-04-04 08:22:47.020] [sharedprocess] [info] Scanned user extensions: 3
[2018-04-04 08:22:55.195] [sharedprocess] [info] Scanned user extensions: 3
[2018-04-04 08:22:55.238] [sharedprocess] [info] Scanned system extensions: 65
[2018-04-04 08:22:55.683] [sharedprocess] [info] Installing extension: cpptools
[2018-04-04 08:22:57.496] [sharedprocess] [info] Downloaded extension: cpptools
[2018-04-04 08:22:58.136] [sharedprocess] [info] Extracted extension to /home/andraz/.vscode/extensions/ms-vscode.cpptools-0.16.1: ms-vscode.cpptools-0.16.1
[2018-04-04 08:22:58.187] [sharedprocess] [info] Updated metadata of the extension: ms-vscode.cpptools-0.16.1
[2018-04-04 08:22:58.187] [sharedprocess] [info] Extensions installed successfully: ms-vscode.cpptools
[2018-04-04 08:22:58.329] [sharedprocess] [info] Scanned user extensions: 4
[2018-04-04 08:22:58.355] [sharedprocess] [info] Scanned system extensions: 65
[2018-04-04 08:23:03.668] [sharedprocess] [info] Scanned user extensions: 4
[2018-04-04 08:23:03.672] [sharedprocess] [info] Scanned user extensions: 4
[2018-04-04 08:23:03.682] [sharedprocess] [info] Scanned user extensions: 4
[2018-04-04 08:23:03.696] [sharedprocess] [info] Scanned user extensions: 4
[2018-04-04 08:23:03.700] [sharedprocess] [info] Scanned user extensions: 4
[2018-04-04 08:23:03.763] [sharedprocess] [info] Scanned system extensions: 65
[2018-04-04 08:23:03.766] [sharedprocess] [info] Scanned system extensions: 65
[2018-04-04 08:23:03.773] [sharedprocess] [info] Scanned system extensions: 65
[2018-04-04 08:23:03.986] [sharedprocess] [info] Scanned user extensions: 4
[2018-04-04 08:23:07.061] [sharedprocess] [info] Scanned user extensions: 4
[2018-04-04 08:23:20.719] [sharedprocess] [info] Scanned user extensions: 4
[2018-04-04 08:25:02.206] [sharedprocess] [info] Scanned user extensions: 4
[2018-04-04 08:25:22.228] [sharedprocess] [info] Scanned user extensions: 4
[2018-04-04 08:25:23.936] [sharedprocess] [info] Scanned user extensions: 4
[2018-04-04 08:26:34.044] [sharedprocess] [info] Scanned user extensions: 4
[2018-04-04 08:28:07.181] [sharedprocess] [info] Scanned user extensions: 4
[2018-04-04 08:33:07.323] [sharedprocess] [info] Scanned user extensions: 4
[2018-04-04 08:38:12.724] [sharedprocess] [info] Scanned user extensions: 4
[2018-04-04 08:43:12.885] [sharedprocess] [info] Scanned user extensions: 4
[2018-04-04 08:48:13.005] [sharedprocess] [info] Scanned user extensions: 4
[2018-04-04 08:53:13.118] [sharedprocess] [info] Scanned user extensions: 4
[2018-04-04 08:58:13.238] [sharedprocess] [info] Scanned user extensions: 4
[2018-04-04 09:03:13.357] [sharedprocess] [info] Scanned user extensions: 4
[2018-04-04 09:08:13.463] [sharedprocess] [info] Scanned user extensions: 4
[2018-04-04 09:13:13.582] [sharedprocess] [info] Scanned user extensions: 4
[2018-04-04 09:18:13.683] [sharedprocess] [info] Scanned user extensions: 4
[2018-04-04 09:23:13.786] [sharedprocess] [info] Scanned user extensions: 4
