Looking for git in: git
Using git 2.16.3 from git
> git rev-parse --show-toplevel
> git config --get commit.template
Open repository: /home/andraz/FERI_SEM4
> git status -z -u
> git show :SPO/3/1/finfo.c
> git symbolic-ref --short HEAD
> git rev-parse master
> git rev-parse --symbolic-full-name --abbrev-ref master@{u}
> git rev-list --left-right master...origin/master
> git for-each-ref --format %(refname) %(objectname) --sort -committerdate
> git remote --verbose
> git check-ignore -z --stdin
> git check-ignore -z --stdin
> git check-ignore -z --stdin
> git check-ignore -z --stdin
> git show :SIS/3-Arch/Dopler.py
> git show :SIS/3-Arch/Player.py
> git status -z -u
> git symbolic-ref --short HEAD
> git rev-parse master
> git rev-parse --symbolic-full-name --abbrev-ref master@{u}
> git rev-list --left-right master...origin/master
> git for-each-ref --format %(refname) %(objectname) --sort -committerdate
> git remote --verbose
