[2018-04-03 08:06:48.747] [sharedprocess] [info] main {"machineId":"b6d8de6f311ecaa2f4a7a1743c7ecbdc290da805ed5d0b9ab93d7cdd293ef4e9"}
[2018-04-03 08:06:49.194] [sharedprocess] [info] Scanned user extensions: 2
[2018-04-03 08:06:50.610] [sharedprocess] [info] Deleted from disk ms-python.python-2018.2.1
[2018-04-03 08:06:50.682] [sharedprocess] [info] Scanned system extensions: 65
[2018-04-03 08:06:50.994] [sharedprocess] [info] Scanned user extensions: 2
[2018-04-03 08:06:50.995] [sharedprocess] [info] Scanned user extensions: 2
[2018-04-03 08:06:51.027] [sharedprocess] [info] Scanned system extensions: 65
[2018-04-03 08:06:54.489] [sharedprocess] [info] Scanned user extensions: 2
[2018-04-03 08:07:08.936] [sharedprocess] [info] Scanned user extensions: 2
[2018-04-03 08:07:28.755] [sharedprocess] [info] Starting to clean up unused language packs.
[2018-04-03 08:11:54.614] [sharedprocess] [info] Scanned user extensions: 2
[2018-04-03 08:14:16.443] [sharedprocess] [info] Scanned user extensions: 2
[2018-04-03 08:14:21.855] [sharedprocess] [info] Scanned user extensions: 2
[2018-04-03 08:14:41.429] [sharedprocess] [info] Scanned user extensions: 2
[2018-04-03 08:16:54.734] [sharedprocess] [info] Scanned user extensions: 2
[2018-04-03 08:17:11.015] [sharedprocess] [info] Scanned user extensions: 2
[2018-04-03 08:21:54.827] [sharedprocess] [info] Scanned user extensions: 2
[2018-04-03 08:30:43.523] [sharedprocess] [info] Scanned user extensions: 2
[2018-04-03 08:35:43.636] [sharedprocess] [info] Scanned user extensions: 2
[2018-04-03 08:40:43.731] [sharedprocess] [info] Scanned user extensions: 2
[2018-04-03 08:45:43.842] [sharedprocess] [info] Scanned user extensions: 2
[2018-04-03 08:50:43.950] [sharedprocess] [info] Scanned user extensions: 2
[2018-04-03 08:55:44.062] [sharedprocess] [info] Scanned user extensions: 2
[2018-04-03 09:00:44.177] [sharedprocess] [info] Scanned user extensions: 2
[2018-04-03 09:05:44.276] [sharedprocess] [info] Scanned user extensions: 2
[2018-04-03 09:10:44.379] [sharedprocess] [info] Scanned user extensions: 2
[2018-04-03 09:15:44.474] [sharedprocess] [info] Scanned user extensions: 2
[2018-04-03 09:20:44.572] [sharedprocess] [info] Scanned user extensions: 2
[2018-04-03 09:25:44.667] [sharedprocess] [info] Scanned user extensions: 2
